This file contains any messages produced by compilers while
running configure, to aid debugging if configure makes a mistake.

It was created by <package> configure <version>, which was
generated by GNU Autoconf 2.69.  Invocation command line was

  $ ./configure 

## --------- ##
## Platform. ##
## --------- ##

hostname = Butterfly.local
uname -m = x86_64
uname -r = 19.6.0
uname -s = Darwin
uname -v = Darwin Kernel Version 19.6.0: Sun Jul  5 00:43:10 PDT 2020; root:xnu-6153.141.1~9/RELEASE_X86_64

/usr/bin/uname -p = i386
/bin/uname -X     = unknown

/bin/arch              = unknown
/usr/bin/arch -k       = unknown
/usr/convex/getsysinfo = unknown
/usr/bin/hostinfo      = Mach kernel version:
	 Darwin Kernel Version 19.6.0: Sun Jul  5 00:43:10 PDT 2020; root:xnu-6153.141.1~9/RELEASE_X86_64
Kernel configured for up to 12 processors.
6 processors are physically available.
12 processors are logically available.
Processor type: x86_64h (Intel x86-64h Haswell)
Processors active: 0 1 2 3 4 5 6 7 8 9 10 11
Primary memory available: 32.00 gigabytes
Default processor set: 410 tasks, 2051 threads, 12 processors
Load average: 1.84, Mach factor: 10.15
/bin/machine           = unknown
/usr/bin/oslevel       = unknown
/bin/universe          = unknown

PATH: /usr/bin
PATH: /bin
PATH: /usr/sbin
PATH: /sbin
PATH: /usr/local/bin
PATH: /Library/TeX/texbin
PATH: /opt/X11/bin
PATH: /Applications/RStudio.app/Contents/MacOS/postback


## ----------- ##
## Core tests. ##
## ----------- ##

configure:2180: checking for gcc
configure:2196: found /usr/bin/gcc
configure:2207: result: gcc
configure:2436: checking for C compiler version
configure:2445: gcc --version >&5
Apple clang version 11.0.0 (clang-1100.0.33.8)
Target: x86_64-apple-darwin19.6.0
Thread model: posix
InstalledDir: /Library/Developer/CommandLineTools/usr/bin
Configured with: --prefix=/Library/Developer/CommandLineTools/usr --with-gxx-include-dir=/Library/Developer/CommandLineTools/SDKs/MacOSX.sdk/usr/include/c++/4.2.1
configure:2456: $? = 0
configure:2445: gcc -v >&5
Configured with: --prefix=/Library/Developer/CommandLineTools/usr --with-gxx-include-dir=/Library/Developer/CommandLineTools/SDKs/MacOSX.sdk/usr/include/c++/4.2.1
Apple clang version 11.0.0 (clang-1100.0.33.8)
Target: x86_64-apple-darwin19.6.0
Thread model: posix
InstalledDir: /Library/Developer/CommandLineTools/usr/bin
configure:2456: $? = 0
configure:2445: gcc -V >&5
clang: error: unsupported option '-V -Wno-framework-include-private-from-public'
clang: error: no input files
configure:2456: $? = 1
configure:2445: gcc -qversion >&5
clang: error: unknown argument '-qversion', did you mean '--version'?
clang: error: no input files
configure:2456: $? = 1
configure:2476: checking whether the C compiler works
configure:2498: gcc  -I/usr/local/include  conftest.c  >&5
configure:2502: $? = 0
configure:2550: result: yes
configure:2553: checking for C compiler default output file name
configure:2555: result: a.out
configure:2561: checking for suffix of executables
configure:2568: gcc -o conftest  -I/usr/local/include  conftest.c  >&5
configure:2572: $? = 0
configure:2594: result: 
configure:2616: checking whether we are cross compiling
configure:2624: gcc -o conftest  -I/usr/local/include  conftest.c  >&5
configure:2628: $? = 0
configure:2635: ./conftest
configure:2639: $? = 0
configure:2654: result: no
configure:2659: checking for suffix of object files
configure:2681: gcc -c  -I/usr/local/include conftest.c >&5
configure:2685: $? = 0
configure:2706: result: o
configure:2710: checking whether we are using the GNU C compiler
configure:2729: gcc -c  -I/usr/local/include conftest.c >&5
configure:2729: $? = 0
configure:2738: result: yes
configure:2747: checking whether gcc accepts -g
configure:2767: gcc -c -g -I/usr/local/include conftest.c >&5
configure:2767: $? = 0
configure:2808: result: yes
configure:2825: checking for gcc option to accept ISO C89
configure:2888: gcc  -c -g -O2 -I/usr/local/include conftest.c >&5
configure:2888: $? = 0
configure:2901: result: none needed
configure:2926: checking how to run the C preprocessor
configure:2957: gcc -E -I/usr/local/include conftest.c
configure:2957: $? = 0
configure:2971: gcc -E -I/usr/local/include conftest.c
conftest.c:9:10: fatal error: 'ac_nonexistent.h' file not found
#include <ac_nonexistent.h>
         ^~~~~~~~~~~~~~~~~~
1 error generated.
configure:2971: $? = 1
configure: failed program was:
| /* confdefs.h */
| #define PACKAGE_NAME "<package>"
| #define PACKAGE_TARNAME "-package-"
| #define PACKAGE_VERSION "<version>"
| #define PACKAGE_STRING "<package> <version>"
| #define PACKAGE_BUGREPORT ""
| #define PACKAGE_URL ""
| /* end confdefs.h.  */
| #include <ac_nonexistent.h>
configure:2996: result: gcc -E
configure:3016: gcc -E -I/usr/local/include conftest.c
configure:3016: $? = 0
configure:3030: gcc -E -I/usr/local/include conftest.c
conftest.c:9:10: fatal error: 'ac_nonexistent.h' file not found
#include <ac_nonexistent.h>
         ^~~~~~~~~~~~~~~~~~
1 error generated.
configure:3030: $? = 1
configure: failed program was:
| /* confdefs.h */
| #define PACKAGE_NAME "<package>"
| #define PACKAGE_TARNAME "-package-"
| #define PACKAGE_VERSION "<version>"
| #define PACKAGE_STRING "<package> <version>"
| #define PACKAGE_BUGREPORT ""
| #define PACKAGE_URL ""
| /* end confdefs.h.  */
| #include <ac_nonexistent.h>
configure:3174: checking for C++ compiler version
configure:3183: clang++ -mmacosx-version-min=10.13 -std=gnu++11 --version >&5
Apple clang version 11.0.0 (clang-1100.0.33.8)
Target: x86_64-apple-darwin19.6.0
Thread model: posix
InstalledDir: /Library/Developer/CommandLineTools/usr/bin
configure:3194: $? = 0
configure:3183: clang++ -mmacosx-version-min=10.13 -std=gnu++11 -v >&5
Apple clang version 11.0.0 (clang-1100.0.33.8)
Target: x86_64-apple-darwin19.6.0
Thread model: posix
InstalledDir: /Library/Developer/CommandLineTools/usr/bin
clang: warning: argument unused during compilation: '-mmacosx-version-min=10.13' [-Wunused-command-line-argument]
clang: warning: argument unused during compilation: '-std=gnu++11' [-Wunused-command-line-argument]
configure:3194: $? = 0
configure:3183: clang++ -mmacosx-version-min=10.13 -std=gnu++11 -V >&5
clang: error: unsupported option '-V -Wno-framework-include-private-from-public'
clang: error: no input files
configure:3194: $? = 1
configure:3183: clang++ -mmacosx-version-min=10.13 -std=gnu++11 -qversion >&5
clang: error: unknown argument '-qversion', did you mean '--version'?
clang: error: no input files
configure:3194: $? = 1
configure:3198: checking whether we are using the GNU C++ compiler
configure:3217: clang++ -mmacosx-version-min=10.13 -std=gnu++11 -c -Wall -g -O2 -I/usr/local/include conftest.cpp >&5
configure:3217: $? = 0
configure:3226: result: yes
configure:3235: checking whether clang++ -mmacosx-version-min=10.13 -std=gnu++11 accepts -g
configure:3255: clang++ -mmacosx-version-min=10.13 -std=gnu++11 -c -g -I/usr/local/include conftest.cpp >&5
configure:3255: $? = 0
configure:3296: result: yes
configure:3320: checking for library containing deflate
configure:3351: clang++ -mmacosx-version-min=10.13 -std=gnu++11 -o conftest -Wall -g -O2 -I/usr/local/include  conftest.cpp  >&5
Undefined symbols for architecture x86_64:
  "_deflate", referenced from:
      _main in conftest-75b185.o
ld: symbol(s) not found for architecture x86_64
clang: error: linker command failed with exit code 1 (use -v to see invocation)
configure:3351: $? = 1
configure: failed program was:
| /* confdefs.h */
| #define PACKAGE_NAME "<package>"
| #define PACKAGE_TARNAME "-package-"
| #define PACKAGE_VERSION "<version>"
| #define PACKAGE_STRING "<package> <version>"
| #define PACKAGE_BUGREPORT ""
| #define PACKAGE_URL ""
| /* end confdefs.h.  */
| 
| /* Override any GCC internal prototype to avoid an error.
|    Use char because int might match the return type of a GCC
|    builtin and then its argument prototype would still apply.  */
| #ifdef __cplusplus
| extern "C"
| #endif
| char deflate ();
| int
| main ()
| {
| return deflate ();
|   ;
|   return 0;
| }
configure:3351: clang++ -mmacosx-version-min=10.13 -std=gnu++11 -o conftest -Wall -g -O2 -I/usr/local/include  conftest.cpp -lz   >&5
configure:3351: $? = 0
configure:3368: result: -lz
configure:3383: checking how to run the C++ preprocessor
configure:3410: clang++ -mmacosx-version-min=10.13 -std=gnu++11 -E -I/usr/local/include conftest.cpp
configure:3410: $? = 0
configure:3424: clang++ -mmacosx-version-min=10.13 -std=gnu++11 -E -I/usr/local/include conftest.cpp
conftest.cpp:9:10: fatal error: 'ac_nonexistent.h' file not found
#include <ac_nonexistent.h>
         ^~~~~~~~~~~~~~~~~~
1 error generated.
configure:3424: $? = 1
configure: failed program was:
| /* confdefs.h */
| #define PACKAGE_NAME "<package>"
| #define PACKAGE_TARNAME "-package-"
| #define PACKAGE_VERSION "<version>"
| #define PACKAGE_STRING "<package> <version>"
| #define PACKAGE_BUGREPORT ""
| #define PACKAGE_URL ""
| /* end confdefs.h.  */
| #include <ac_nonexistent.h>
configure:3449: result: clang++ -mmacosx-version-min=10.13 -std=gnu++11 -E
configure:3469: clang++ -mmacosx-version-min=10.13 -std=gnu++11 -E -I/usr/local/include conftest.cpp
configure:3469: $? = 0
configure:3483: clang++ -mmacosx-version-min=10.13 -std=gnu++11 -E -I/usr/local/include conftest.cpp
conftest.cpp:9:10: fatal error: 'ac_nonexistent.h' file not found
#include <ac_nonexistent.h>
         ^~~~~~~~~~~~~~~~~~
1 error generated.
configure:3483: $? = 1
configure: failed program was:
| /* confdefs.h */
| #define PACKAGE_NAME "<package>"
| #define PACKAGE_TARNAME "-package-"
| #define PACKAGE_VERSION "<version>"
| #define PACKAGE_STRING "<package> <version>"
| #define PACKAGE_BUGREPORT ""
| #define PACKAGE_URL ""
| /* end confdefs.h.  */
| #include <ac_nonexistent.h>
configure:3512: checking for grep that handles long lines and -e
configure:3570: result: /usr/bin/grep
configure:3575: checking for egrep
configure:3637: result: /usr/bin/grep -E
configure:3642: checking for ANSI C header files
configure:3662: clang++ -mmacosx-version-min=10.13 -std=gnu++11 -c -Wall -g -O2 -I/usr/local/include conftest.cpp >&5
configure:3662: $? = 0
configure:3735: clang++ -mmacosx-version-min=10.13 -std=gnu++11 -o conftest -Wall -g -O2 -I/usr/local/include  conftest.cpp -lz  >&5
configure:3735: $? = 0
configure:3735: ./conftest
configure:3735: $? = 0
configure:3746: result: yes
configure:3759: checking for sys/types.h
configure:3759: clang++ -mmacosx-version-min=10.13 -std=gnu++11 -c -Wall -g -O2 -I/usr/local/include conftest.cpp >&5
configure:3759: $? = 0
configure:3759: result: yes
configure:3759: checking for sys/stat.h
configure:3759: clang++ -mmacosx-version-min=10.13 -std=gnu++11 -c -Wall -g -O2 -I/usr/local/include conftest.cpp >&5
configure:3759: $? = 0
configure:3759: result: yes
configure:3759: checking for stdlib.h
configure:3759: clang++ -mmacosx-version-min=10.13 -std=gnu++11 -c -Wall -g -O2 -I/usr/local/include conftest.cpp >&5
configure:3759: $? = 0
configure:3759: result: yes
configure:3759: checking for string.h
configure:3759: clang++ -mmacosx-version-min=10.13 -std=gnu++11 -c -Wall -g -O2 -I/usr/local/include conftest.cpp >&5
configure:3759: $? = 0
configure:3759: result: yes
configure:3759: checking for memory.h
configure:3759: clang++ -mmacosx-version-min=10.13 -std=gnu++11 -c -Wall -g -O2 -I/usr/local/include conftest.cpp >&5
configure:3759: $? = 0
configure:3759: result: yes
configure:3759: checking for strings.h
configure:3759: clang++ -mmacosx-version-min=10.13 -std=gnu++11 -c -Wall -g -O2 -I/usr/local/include conftest.cpp >&5
configure:3759: $? = 0
configure:3759: result: yes
configure:3759: checking for inttypes.h
configure:3759: clang++ -mmacosx-version-min=10.13 -std=gnu++11 -c -Wall -g -O2 -I/usr/local/include conftest.cpp >&5
configure:3759: $? = 0
configure:3759: result: yes
configure:3759: checking for stdint.h
configure:3759: clang++ -mmacosx-version-min=10.13 -std=gnu++11 -c -Wall -g -O2 -I/usr/local/include conftest.cpp >&5
configure:3759: $? = 0
configure:3759: result: yes
configure:3759: checking for unistd.h
configure:3759: clang++ -mmacosx-version-min=10.13 -std=gnu++11 -c -Wall -g -O2 -I/usr/local/include conftest.cpp >&5
configure:3759: $? = 0
configure:3759: result: yes
configure:3773: checking zlib.h usability
configure:3773: clang++ -mmacosx-version-min=10.13 -std=gnu++11 -c -Wall -g -O2 -I/usr/local/include conftest.cpp >&5
configure:3773: $? = 0
configure:3773: result: yes
configure:3773: checking zlib.h presence
configure:3773: clang++ -mmacosx-version-min=10.13 -std=gnu++11 -E -I/usr/local/include conftest.cpp
configure:3773: $? = 0
configure:3773: result: yes
configure:3773: checking for zlib.h
configure:3773: result: yes
configure:3789: pkg-config proj exists, will use it
configure:3836: using proj.h.
configure:3905: PROJ: 7.1.0
configure:3986: checking PROJ: checking whether PROJ and sqlite3 are available for linking:
configure:3995: result: yes
configure:4356: creating ./config.status

## ---------------------- ##
## Running config.status. ##
## ---------------------- ##

This file was extended by <package> config.status <version>, which was
generated by GNU Autoconf 2.69.  Invocation command line was

  CONFIG_FILES    = 
  CONFIG_HEADERS  = 
  CONFIG_LINKS    = 
  CONFIG_COMMANDS = 
  $ ./config.status 

on Butterfly.local

config.status:731: creating src/Makevars

## ---------------- ##
## Cache variables. ##
## ---------------- ##

ac_cv_c_compiler_gnu=yes
ac_cv_cxx_compiler_gnu=yes
ac_cv_env_CCC_set=
ac_cv_env_CCC_value=
ac_cv_env_CC_set=
ac_cv_env_CC_value=
ac_cv_env_CFLAGS_set=
ac_cv_env_CFLAGS_value=
ac_cv_env_CPPFLAGS_set=
ac_cv_env_CPPFLAGS_value=
ac_cv_env_CPP_set=
ac_cv_env_CPP_value=
ac_cv_env_CXXCPP_set=
ac_cv_env_CXXCPP_value=
ac_cv_env_CXXFLAGS_set=
ac_cv_env_CXXFLAGS_value=
ac_cv_env_CXX_set=
ac_cv_env_CXX_value=
ac_cv_env_LDFLAGS_set=
ac_cv_env_LDFLAGS_value=
ac_cv_env_LIBS_set=
ac_cv_env_LIBS_value=
ac_cv_env_build_alias_set=
ac_cv_env_build_alias_value=
ac_cv_env_host_alias_set=
ac_cv_env_host_alias_value=
ac_cv_env_target_alias_set=
ac_cv_env_target_alias_value=
ac_cv_header_inttypes_h=yes
ac_cv_header_memory_h=yes
ac_cv_header_stdc=yes
ac_cv_header_stdint_h=yes
ac_cv_header_stdlib_h=yes
ac_cv_header_string_h=yes
ac_cv_header_strings_h=yes
ac_cv_header_sys_stat_h=yes
ac_cv_header_sys_types_h=yes
ac_cv_header_unistd_h=yes
ac_cv_header_zlib_h=yes
ac_cv_objext=o
ac_cv_path_EGREP='/usr/bin/grep -E'
ac_cv_path_GREP=/usr/bin/grep
ac_cv_prog_CPP='gcc -E'
ac_cv_prog_CXXCPP='clang++ -mmacosx-version-min=10.13 -std=gnu++11 -E'
ac_cv_prog_ac_ct_CC=gcc
ac_cv_prog_cc_c89=
ac_cv_prog_cc_g=yes
ac_cv_prog_cxx_g=yes
ac_cv_search_deflate=-lz

## ----------------- ##
## Output variables. ##
## ----------------- ##

CC='gcc'
CFLAGS='-g -O2'
CPP='gcc -E'
CPPFLAGS='  -I/usr/local/Cellar/proj/7.1.0/include -DHAVE_PROJ_H'
CXX='clang++ -mmacosx-version-min=10.13 -std=gnu++11'
CXXCPP='clang++ -mmacosx-version-min=10.13 -std=gnu++11 -E'
CXXFLAGS='-Wall -g -O2'
DEFS='-DPACKAGE_NAME=\"\<package\>\" -DPACKAGE_TARNAME=\"-package-\" -DPACKAGE_VERSION=\"\<version\>\" -DPACKAGE_STRING=\"\<package\>\ \<version\>\" -DPACKAGE_BUGREPORT=\"\" -DPACKAGE_URL=\"\" -DSTDC_HEADERS=1 -DHAVE_SYS_TYPES_H=1 -DHAVE_SYS_STAT_H=1 -DHAVE_STDLIB_H=1 -DHAVE_STRING_H=1 -DHAVE_MEMORY_H=1 -DHAVE_STRINGS_H=1 -DHAVE_INTTYPES_H=1 -DHAVE_STDINT_H=1 -DHAVE_UNISTD_H=1 -DHAVE_ZLIB_H=1'
ECHO_C='\c'
ECHO_N=''
ECHO_T=''
EGREP='/usr/bin/grep -E'
EXEEXT=''
GREP='/usr/bin/grep'
LDFLAGS=''
LIBOBJS=''
LIBS='-L/usr/local/Cellar/proj/7.1.0/lib -lproj   '
LTLIBOBJS=''
OBJEXT='o'
PACKAGE_BUGREPORT=''
PACKAGE_NAME='<package>'
PACKAGE_STRING='<package> <version>'
PACKAGE_TARNAME='-package-'
PACKAGE_URL=''
PACKAGE_VERSION='<version>'
PATH_SEPARATOR=':'
PKG_CPPFLAGS=''
PKG_LIBS='-L/usr/local/Cellar/proj/7.1.0/lib -lproj  -L/usr/local/Cellar/proj/7.1.0/lib -lproj     -lz'
PROJ_CPPFLAGS='-I/usr/local/Cellar/proj/7.1.0/include -DHAVE_PROJ_H'
PROJ_LIBS='-L/usr/local/Cellar/proj/7.1.0/lib -lproj '
SHELL='/bin/sh'
ac_ct_CC='gcc'
ac_ct_CXX=''
bindir='${exec_prefix}/bin'
build_alias=''
datadir='${datarootdir}'
datarootdir='${prefix}/share'
docdir='${datarootdir}/doc/${PACKAGE_TARNAME}'
dvidir='${docdir}'
exec_prefix='${prefix}'
host_alias=''
htmldir='${docdir}'
includedir='${prefix}/include'
infodir='${datarootdir}/info'
libdir='${exec_prefix}/lib'
libexecdir='${exec_prefix}/libexec'
localedir='${datarootdir}/locale'
localstatedir='${prefix}/var'
mandir='${datarootdir}/man'
oldincludedir='/usr/include'
pdfdir='${docdir}'
prefix='/usr/local'
program_transform_name='s,x,x,'
psdir='${docdir}'
sbindir='${exec_prefix}/sbin'
sharedstatedir='${prefix}/com'
sysconfdir='${prefix}/etc'
target_alias=''

## ----------- ##
## confdefs.h. ##
## ----------- ##

/* confdefs.h */
#define PACKAGE_NAME "<package>"
#define PACKAGE_TARNAME "-package-"
#define PACKAGE_VERSION "<version>"
#define PACKAGE_STRING "<package> <version>"
#define PACKAGE_BUGREPORT ""
#define PACKAGE_URL ""
#define STDC_HEADERS 1
#define HAVE_SYS_TYPES_H 1
#define HAVE_SYS_STAT_H 1
#define HAVE_STDLIB_H 1
#define HAVE_STRING_H 1
#define HAVE_MEMORY_H 1
#define HAVE_STRINGS_H 1
#define HAVE_INTTYPES_H 1
#define HAVE_STDINT_H 1
#define HAVE_UNISTD_H 1
#define HAVE_ZLIB_H 1

configure: exit 0
